Using pre-set license

 COMMAND LINE ARGUMENTS:
/Applications/Unity/Hub/Editor/2020.3.6f1/Unity.app/Contents/MacOS/Unity
-adb2
-batchMode
-noUpm
-name
AssetImportWorker0
-projectPath
/Users/louiseparis/Desktop/ARZelda
-logFile
Logs/AssetImportWorker0.log
-srvPort
50664
Successfully changed project path to: /Users/louiseparis/Desktop/ARZelda
/Users/louiseparis/Desktop/ARZelda
Using Asset Import Pipeline V2.
Refreshing native plugins compatible for Editor in 136.50 ms, found 2 plugins.
Preloading 0 native plugins for Editor in 0.00 ms.
Initialize engine version: 2020.3.6f1 (338bb68529b2)
[Subsystems] Discovering subsystems at path /Applications/Unity/Hub/Editor/2020.3.6f1/Unity.app/Contents/Resources/UnitySubsystems
[Subsystems] Discovering subsystems at path /Users/louiseparis/Desktop/ARZelda/Assets
GfxDevice: creating device client; threaded=0
2021-05-02 16:48:21.556 Unity[16692:1279677] Color LCD preferred device: Intel(R) Iris(TM) Graphics 6100 (low power)
2021-05-02 16:48:21.556 Unity[16692:1279677] Metal devices available: 1
2021-05-02 16:48:21.556 Unity[16692:1279677] 0: Intel(R) Iris(TM) Graphics 6100 (low power)
2021-05-02 16:48:21.556 Unity[16692:1279677] Using device Intel(R) Iris(TM) Graphics 6100 (low power)
Initializing Metal device caps: Intel(R) Iris(TM) Graphics 6100
Initialize mono
Mono path[0] = '/Applications/Unity/Hub/Editor/2020.3.6f1/Unity.app/Contents/Managed'
Mono path[1] = '/Applications/Unity/Hub/Editor/2020.3.6f1/Unity.app/Contents/MonoBleedingEdge/lib/mono/unityjit'
Mono config path = '/Applications/Unity/Hub/Editor/2020.3.6f1/Unity.app/Contents/MonoBleedingEdge/etc'
Using monoOptions --debugger-agent=transport=dt_socket,embedding=1,server=y,suspend=n,address=127.0.0.1:56692
Begin MonoManager ReloadAssembly
Registering precompiled unity dll's ...
Register platform support module: /Applications/Unity/Hub/Editor/2020.3.6f1/Unity.app/Contents/PlaybackEngines/MacStandaloneSupport/UnityEditor.OSXStandalone.Extensions.dll
Registered in 0.008676 seconds.
Native extension for OSXStandalone target not found
Refreshing native plugins compatible for Editor in 85.46 ms, found 2 plugins.
Preloading 0 native plugins for Editor in 0.00 ms.
Mono: successfully reloaded assembly
- Completed reload, in  3.599 seconds
Platform modules already initialized, skipping
Registering precompiled user dll's ...
Registered in 0.006307 seconds.
Begin MonoManager ReloadAssembly
Native extension for OSXStandalone target not found
Refreshing native plugins compatible for Editor in 66.71 ms, found 2 plugins.
Preloading 0 native plugins for Editor in 0.00 ms.
Mono: successfully reloaded assembly
- Completed reload, in  2.015 seconds
Platform modules already initialized, skipping
========================================================================
Worker process is ready to serve import requests
Launching external process: /Applications/Unity/Hub/Editor/2020.3.6f1/Unity.app/Contents/Tools/UnityShaderCompiler
Launched and connected shader compiler UnityShaderCompiler after 0.02 seconds
Refreshing native plugins compatible for Editor in 1.45 ms, found 2 plugins.
Preloading 0 native plugins for Editor in 0.00 ms.
Unloading 1866 Unused Serialized files (Serialized files now loaded: 0)
System memory in use before: 135.0 MB.
System memory in use after: 135.0 MB.

Unloading 13 unused Assets to reduce memory usage. Loaded Objects now: 2307.
Total: 2.499649 ms (FindLiveObjects: 0.538097 ms CreateObjectMapping: 0.094431 ms MarkObjects: 1.768739 ms  DeleteObjects: 0.096342 ms)

========================================================================
Received Import Request.
  path: Assets/Scenes
  artifactKey: Guid(fea2b03111fd44c01a102c644b335bab) Importer(815301076,1909f56bfc062723c751e8b465ee728b)
Start importing Assets/Scenes using Guid(fea2b03111fd44c01a102c644b335bab) Importer(815301076,1909f56bfc062723c751e8b465ee728b)  -> (artifact id: 'b75b34b105152f6dfa6043fff8c5d42f') in 0.006567 seconds
  Import took 0.012450 seconds .

========================================================================
Received Import Request.
  Time since last request: 0.492314 seconds.
  path: Assets/Scenes/JARDIN.unity
  artifactKey: Guid(bd2ca60cb1c254eb4b53ac91e80c09ba) Importer(815301076,1909f56bfc062723c751e8b465ee728b)
Start importing Assets/Scenes/JARDIN.unity using Guid(bd2ca60cb1c254eb4b53ac91e80c09ba) Importer(815301076,1909f56bfc062723c751e8b465ee728b)  -> (artifact id: 'c12b436dd5d82c4c798ed80f0b83471b') in 0.039097 seconds
  Import took 0.046351 seconds .

========================================================================
Received Import Request.
  Time since last request: 0.019766 seconds.
  path: Assets/Scenes/JARDIN.unity
  artifactKey: Guid(bd2ca60cb1c254eb4b53ac91e80c09ba) Importer(815301076,1909f56bfc062723c751e8b465ee728b)
Start importing Assets/Scenes/JARDIN.unity using Guid(bd2ca60cb1c254eb4b53ac91e80c09ba) Importer(815301076,1909f56bfc062723c751e8b465ee728b)  -> (artifact id: 'c12b436dd5d82c4c798ed80f0b83471b') in 0.004484 seconds
  Import took 0.016662 seconds .

========================================================================
Received Import Request.
  Time since last request: 4.731111 seconds.
  path: Assets/Scenes/BlankAR.unity
  artifactKey: Guid(6bdce89659816455b9f906fc62d19910) Importer(815301076,1909f56bfc062723c751e8b465ee728b)
Start importing Assets/Scenes/BlankAR.unity using Guid(6bdce89659816455b9f906fc62d19910) Importer(815301076,1909f56bfc062723c751e8b465ee728b)  -> (artifact id: '6378311e4c712084d99e84a4c60a9850') in 0.006049 seconds
  Import took 0.017204 seconds .

========================================================================
Received Import Request.
  Time since last request: 0.001649 seconds.
  path: Assets/Scenes/BlankAR.unity
  artifactKey: Guid(6bdce89659816455b9f906fc62d19910) Importer(815301076,1909f56bfc062723c751e8b465ee728b)
Start importing Assets/Scenes/BlankAR.unity using Guid(6bdce89659816455b9f906fc62d19910) Importer(815301076,1909f56bfc062723c751e8b465ee728b)  -> (artifact id: '6378311e4c712084d99e84a4c60a9850') in 0.007091 seconds
  Import took 0.019196 seconds .

